[debug] [2025-12-13T23:44:48.828Z] ----------------------------------------------------------------------
[debug] [2025-12-13T23:44:48.830Z] Command:       C:\Program Files\nodejs\node.exe C:\Users\Ahkhan Khan\AppData\Roaming\npm\node_modules\firebase-tools\lib\bin\firebase.js init
[debug] [2025-12-13T23:44:48.831Z] CLI Version:   15.0.0
[debug] [2025-12-13T23:44:48.831Z] Platform:      win32
[debug] [2025-12-13T23:44:48.831Z] Node Version:  v24.3.0
[debug] [2025-12-13T23:44:48.831Z] Time:          Sun Dec 14 2025 02:44:48 GMT+0300 (East Africa Time)
[debug] [2025-12-13T23:44:48.831Z] ----------------------------------------------------------------------
[debug] 
[info] 
     ######## #### ########  ######## ########     ###     ######  ########
     ##        ##  ##     ## ##       ##     ##  ##   ##  ##       ##
     ######    ##  ########  ######   ########  #########  ######  ######
     ##        ##  ##    ##  ##       ##     ## ##     ##       ## ##
     ##       #### ##     ## ######## ########  ##     ##  ######  ########

You're about to initialize a Firebase project in this directory:

  E:\APP ZANGU\My Pixiest Gallery

[info] 
=== Project Setup
[info] 
[info] First, let's associate this project directory with a Firebase project.
[info] You can create multiple project aliases by running firebase use --add, 
[info] 
[debug] [2025-12-13T23:45:04.728Z] > command requires scopes: ["email","openid","https://www.googleapis.com/auth/cloudplatformprojects.readonly","https://www.googleapis.com/auth/firebase","https://www.googleapis.com/auth/cloud-platform"]
[debug] [2025-12-13T23:45:04.728Z] > authorizing via signed-in user (twahanyanza@gmail.com)
[debug] [2025-12-13T23:45:04.729Z] Checked if tokens are valid: false, expires at: 1765506985003
[debug] [2025-12-13T23:45:04.729Z] Checked if tokens are valid: false, expires at: 1765506985003
[debug] [2025-12-13T23:45:04.729Z] > refreshing access token with scopes: []
[debug] [2025-12-13T23:45:04.730Z] >>> [apiv2][query] POST https://www.googleapis.com/oauth2/v3/token [none]
[debug] [2025-12-13T23:45:04.730Z] >>> [apiv2][body] POST https://www.googleapis.com/oauth2/v3/token [omitted]
[debug] [2025-12-13T23:45:05.078Z] <<< [apiv2][status] POST https://www.googleapis.com/oauth2/v3/token 200
[debug] [2025-12-13T23:45:05.078Z] <<< [apiv2][body] POST https://www.googleapis.com/oauth2/v3/token [omitted]
[debug] [2025-12-13T23:45:05.083Z] >>> [apiv2][query] GET https://firebase.googleapis.com/v1beta1/projects/photographer2025-edfd9 [none]
[debug] [2025-12-13T23:45:05.622Z] <<< [apiv2][status] GET https://firebase.googleapis.com/v1beta1/projects/photographer2025-edfd9 200
[debug] [2025-12-13T23:45:05.622Z] <<< [apiv2][body] GET https://firebase.googleapis.com/v1beta1/projects/photographer2025-edfd9 {"projectId":"photographer2025-edfd9","projectNumber":"616743128934","displayName":"photographer2025","name":"projects/photographer2025-edfd9","resources":{"hostingSite":"photographer2025-edfd9"},"state":"ACTIVE","etag":"1_03d4605c-d96c-4917-80fc-6bf3311d5015"}
[info] i  Using project photographer2025-edfd9 (photographer2025) . 
[info] 
=== Dataconnect Setup
[info] i  dataconnect: ensuring required API firebasedataconnect.googleapis.com is enabled... 
[debug] [2025-12-13T23:45:05.628Z] Checked if tokens are valid: true, expires at: 1765673104078
[debug] [2025-12-13T23:45:05.628Z] Checked if tokens are valid: true, expires at: 1765673104078
[info] i  dataconnect: ensuring required API sqladmin.googleapis.com is enabled... 
[debug] [2025-12-13T23:45:05.628Z] Checked if tokens are valid: true, expires at: 1765673104078
[debug] [2025-12-13T23:45:05.629Z] Checked if tokens are valid: true, expires at: 1765673104078
[debug] [2025-12-13T23:45:05.629Z] >>> [apiv2][query] GET https://serviceusage.googleapis.com/v1/projects/photographer2025-edfd9/services/firebasedataconnect.googleapis.com [none]
[debug] [2025-12-13T23:45:05.629Z] >>> [apiv2][(partial)header] GET https://serviceusage.googleapis.com/v1/projects/photographer2025-edfd9/services/firebasedataconnect.googleapis.com x-goog-quota-user=projects/photographer2025-edfd9
[debug] [2025-12-13T23:45:05.630Z] >>> [apiv2][query] GET https://serviceusage.googleapis.com/v1/projects/photographer2025-edfd9/services/sqladmin.googleapis.com [none]
[debug] [2025-12-13T23:45:05.630Z] >>> [apiv2][(partial)header] GET https://serviceusage.googleapis.com/v1/projects/photographer2025-edfd9/services/sqladmin.googleapis.com x-goog-quota-user=projects/photographer2025-edfd9
[debug] [2025-12-13T23:45:07.737Z] <<< [apiv2][status] GET https://serviceusage.googleapis.com/v1/projects/photographer2025-edfd9/services/firebasedataconnect.googleapis.com 200
[debug] [2025-12-13T23:45:07.737Z] <<< [apiv2][body] GET https://serviceusage.googleapis.com/v1/projects/photographer2025-edfd9/services/firebasedataconnect.googleapis.com [omitted]
[warn] !  dataconnect: missing required API firebasedataconnect.googleapis.com. Enabling now... 
[debug] [2025-12-13T23:45:07.737Z] Checked if tokens are valid: true, expires at: 1765673104078
[debug] [2025-12-13T23:45:07.737Z] Checked if tokens are valid: true, expires at: 1765673104078
[debug] [2025-12-13T23:45:07.738Z] >>> [apiv2][query] POST https://serviceusage.googleapis.com/v1/projects/photographer2025-edfd9/services/firebasedataconnect.googleapis.com:enable [none]
[debug] [2025-12-13T23:45:07.738Z] >>> [apiv2][(partial)header] POST https://serviceusage.googleapis.com/v1/projects/photographer2025-edfd9/services/firebasedataconnect.googleapis.com:enable x-goog-quota-user=projects/photographer2025-edfd9
[debug] [2025-12-13T23:45:07.740Z] <<< [apiv2][status] GET https://serviceusage.googleapis.com/v1/projects/photographer2025-edfd9/services/sqladmin.googleapis.com 200
[debug] [2025-12-13T23:45:07.740Z] <<< [apiv2][body] GET https://serviceusage.googleapis.com/v1/projects/photographer2025-edfd9/services/sqladmin.googleapis.com [omitted]
[warn] !  dataconnect: missing required API sqladmin.googleapis.com. Enabling now... 
[debug] [2025-12-13T23:45:07.740Z] Checked if tokens are valid: true, expires at: 1765673104078
[debug] [2025-12-13T23:45:07.740Z] Checked if tokens are valid: true, expires at: 1765673104078
[debug] [2025-12-13T23:45:07.740Z] >>> [apiv2][query] POST https://serviceusage.googleapis.com/v1/projects/photographer2025-edfd9/services/sqladmin.googleapis.com:enable [none]
[debug] [2025-12-13T23:45:07.740Z] >>> [apiv2][(partial)header] POST https://serviceusage.googleapis.com/v1/projects/photographer2025-edfd9/services/sqladmin.googleapis.com:enable x-goog-quota-user=projects/photographer2025-edfd9
[debug] [2025-12-13T23:45:09.478Z] <<< [apiv2][status] POST https://serviceusage.googleapis.com/v1/projects/photographer2025-edfd9/services/firebasedataconnect.googleapis.com:enable 200
[debug] [2025-12-13T23:45:09.478Z] <<< [apiv2][body] POST https://serviceusage.googleapis.com/v1/projects/photographer2025-edfd9/services/firebasedataconnect.googleapis.com:enable [omitted]
[debug] [2025-12-13T23:45:09.496Z] <<< [apiv2][status] POST https://serviceusage.googleapis.com/v1/projects/photographer2025-edfd9/services/sqladmin.googleapis.com:enable 200
[debug] [2025-12-13T23:45:09.496Z] <<< [apiv2][body] POST https://serviceusage.googleapis.com/v1/projects/photographer2025-edfd9/services/sqladmin.googleapis.com:enable [omitted]
[debug] [2025-12-13T23:45:19.510Z] Checked if tokens are valid: true, expires at: 1765673104078
[debug] [2025-12-13T23:45:19.510Z] Checked if tokens are valid: true, expires at: 1765673104078
[debug] [2025-12-13T23:45:19.510Z] >>> [apiv2][query] GET https://firebasedataconnect.googleapis.com/v1/projects/photographer2025-edfd9/locations/-/services [none]
[debug] [2025-12-13T23:45:21.506Z] <<< [apiv2][status] GET https://firebasedataconnect.googleapis.com/v1/projects/photographer2025-edfd9/locations/-/services 200
[debug] [2025-12-13T23:45:21.506Z] <<< [apiv2][body] GET https://firebasedataconnect.googleapis.com/v1/projects/photographer2025-edfd9/locations/-/services {}
[info] i  : ensuring required API cloudaicompanion.googleapis.com is enabled... 
[debug] [2025-12-13T23:45:24.540Z] Checked if tokens are valid: true, expires at: 1765673104078
[debug] [2025-12-13T23:45:24.540Z] Checked if tokens are valid: true, expires at: 1765673104078
[debug] [2025-12-13T23:45:24.540Z] >>> [apiv2][query] GET https://serviceusage.googleapis.com/v1/projects/photographer2025-edfd9/services/cloudaicompanion.googleapis.com [none]
[debug] [2025-12-13T23:45:24.540Z] >>> [apiv2][(partial)header] GET https://serviceusage.googleapis.com/v1/projects/photographer2025-edfd9/services/cloudaicompanion.googleapis.com x-goog-quota-user=projects/photographer2025-edfd9
[debug] [2025-12-13T23:45:26.099Z] <<< [apiv2][status] GET https://serviceusage.googleapis.com/v1/projects/photographer2025-edfd9/services/cloudaicompanion.googleapis.com 200
[debug] [2025-12-13T23:45:26.099Z] <<< [apiv2][body] GET https://serviceusage.googleapis.com/v1/projects/photographer2025-edfd9/services/cloudaicompanion.googleapis.com [omitted]
[info] +  : required API cloudaicompanion.googleapis.com is enabled 
[debug] [2025-12-13T23:48:11.501Z] Checked if tokens are valid: true, expires at: 1765673104078
[debug] [2025-12-13T23:48:11.501Z] Checked if tokens are valid: true, expires at: 1765673104078
[debug] [2025-12-13T23:48:11.501Z] >>> [apiv2][query] GET https://cloudbilling.googleapis.com/v1/projects/photographer2025-edfd9/billingInfo [none]
[debug] [2025-12-13T23:48:12.620Z] <<< [apiv2][status] GET https://cloudbilling.googleapis.com/v1/projects/photographer2025-edfd9/billingInfo 200
[debug] [2025-12-13T23:48:12.620Z] <<< [apiv2][body] GET https://cloudbilling.googleapis.com/v1/projects/photographer2025-edfd9/billingInfo {"name":"projects/photographer2025-edfd9/billingInfo","projectId":"photographer2025-edfd9","billingAccountName":"","billingEnabled":false}
[debug] [2025-12-13T23:48:12.620Z] Checked if tokens are valid: true, expires at: 1765673104078
[debug] [2025-12-13T23:48:12.620Z] Checked if tokens are valid: true, expires at: 1765673104078
[debug] [2025-12-13T23:48:12.621Z] >>> [apiv2][query] GET https://monitoring.googleapis.com/v3/projects/photographer2025-edfd9/timeSeries/ filter=metric.type%3D%22serviceruntime.googleapis.com%2Fquota%2Fallocation%2Fusage%22+AND+metric.label.quota_metric+%3D+%22sqladmin.googleapis.com%2Ffdc_lifetime_free_trial_per_project%22&interval.endTime=2025-12-13T23%3A48%3A12.620Z&interval.startTime=2025-12-06T23%3A48%3A12.620Z
[debug] [2025-12-13T23:48:14.146Z] <<< [apiv2][status] GET https://monitoring.googleapis.com/v3/projects/photographer2025-edfd9/timeSeries/ 200
[debug] [2025-12-13T23:48:14.147Z] <<< [apiv2][body] GET https://monitoring.googleapis.com/v3/projects/photographer2025-edfd9/timeSeries/ {"unit":"1"}
[info] +  dataconnect: Detected existing apps . (web), backend (web) 
[debug] [2025-12-13T23:48:14.167Z] Checked if tokens are valid: true, expires at: 1765673104078
[debug] [2025-12-13T23:48:14.167Z] Checked if tokens are valid: true, expires at: 1765673104078
[debug] [2025-12-13T23:48:14.167Z] >>> [apiv2][query] POST https://firebasedataconnect.googleapis.com/v1/projects/photographer2025-edfd9/locations/us-east4/services service_id=mypixiestgallery
[debug] [2025-12-13T23:48:14.167Z] >>> [apiv2][body] POST https://firebasedataconnect.googleapis.com/v1/projects/photographer2025-edfd9/locations/us-east4/services {"name":"projects/photographer2025-edfd9/locations/us-east4/services/mypixiestgallery"}
[debug] [2025-12-13T23:48:17.136Z] <<< [apiv2][status] POST https://firebasedataconnect.googleapis.com/v1/projects/photographer2025-edfd9/locations/us-east4/services 200
[debug] [2025-12-13T23:48:17.136Z] <<< [apiv2][body] POST https://firebasedataconnect.googleapis.com/v1/projects/photographer2025-edfd9/locations/us-east4/services {"name":"projects/photographer2025-edfd9/locations/us-east4/operations/operation-1765669699309-645de0337ce2c-69f9f9b0-425a43a5","metadata":{"@type":"type.googleapis.com/google.firebase.dataconnect.v1.OperationMetadata","createTime":"2025-12-13T23:48:20.919440571Z","target":"projects/photographer2025-edfd9/locations/us-east4/services/mypixiestgallery","verb":"create","requestedCancellation":false,"apiVersion":"v1"},"done":false}
[debug] [2025-12-13T23:48:17.136Z] Checked if tokens are valid: true, expires at: 1765673104078
[debug] [2025-12-13T23:48:17.136Z] Checked if tokens are valid: true, expires at: 1765673104078
[debug] [2025-12-13T23:48:17.137Z] >>> [apiv2][query] GET https://firebasedataconnect.googleapis.com/v1/projects/photographer2025-edfd9/locations/us-east4/operations/operation-1765669699309-645de0337ce2c-69f9f9b0-425a43a5 [none]
[debug] [2025-12-13T23:48:17.386Z] <<< [apiv2][status] GET https://firebasedataconnect.googleapis.com/v1/projects/photographer2025-edfd9/locations/us-east4/operations/operation-1765669699309-645de0337ce2c-69f9f9b0-425a43a5 200
[debug] [2025-12-13T23:48:17.387Z] <<< [apiv2][body] GET https://firebasedataconnect.googleapis.com/v1/projects/photographer2025-edfd9/locations/us-east4/operations/operation-1765669699309-645de0337ce2c-69f9f9b0-425a43a5 {"name":"projects/photographer2025-edfd9/locations/us-east4/operations/operation-1765669699309-645de0337ce2c-69f9f9b0-425a43a5","metadata":{"@type":"type.googleapis.com/google.firebase.dataconnect.v1.OperationMetadata","createTime":"2025-12-13T23:48:20.919440571Z","target":"projects/photographer2025-edfd9/locations/us-east4/services/mypixiestgallery","verb":"create","requestedCancellation":false,"apiVersion":"v1"},"done":false}
[debug] [2025-12-13T23:48:17.891Z] [LRO Poller] Retrying task index 0
[debug] [2025-12-13T23:48:17.891Z] Checked if tokens are valid: true, expires at: 1765673104078
[debug] [2025-12-13T23:48:17.891Z] Checked if tokens are valid: true, expires at: 1765673104078
[debug] [2025-12-13T23:48:17.891Z] >>> [apiv2][query] GET https://firebasedataconnect.googleapis.com/v1/projects/photographer2025-edfd9/locations/us-east4/operations/operation-1765669699309-645de0337ce2c-69f9f9b0-425a43a5 [none]
[debug] [2025-12-13T23:48:18.135Z] <<< [apiv2][status] GET https://firebasedataconnect.googleapis.com/v1/projects/photographer2025-edfd9/locations/us-east4/operations/operation-1765669699309-645de0337ce2c-69f9f9b0-425a43a5 200
[debug] [2025-12-13T23:48:18.135Z] <<< [apiv2][body] GET https://firebasedataconnect.googleapis.com/v1/projects/photographer2025-edfd9/locations/us-east4/operations/operation-1765669699309-645de0337ce2c-69f9f9b0-425a43a5 {"name":"projects/photographer2025-edfd9/locations/us-east4/operations/operation-1765669699309-645de0337ce2c-69f9f9b0-425a43a5","metadata":{"@type":"type.googleapis.com/google.firebase.dataconnect.v1.OperationMetadata","createTime":"2025-12-13T23:48:20.919440571Z","target":"projects/photographer2025-edfd9/locations/us-east4/services/mypixiestgallery","verb":"create","requestedCancellation":false,"apiVersion":"v1"},"done":false}
[debug] [2025-12-13T23:48:19.147Z] [LRO Poller] Retrying task index 0
[debug] [2025-12-13T23:48:19.147Z] Checked if tokens are valid: true, expires at: 1765673104078
[debug] [2025-12-13T23:48:19.147Z] Checked if tokens are valid: true, expires at: 1765673104078
[debug] [2025-12-13T23:48:19.147Z] >>> [apiv2][query] GET https://firebasedataconnect.googleapis.com/v1/projects/photographer2025-edfd9/locations/us-east4/operations/operation-1765669699309-645de0337ce2c-69f9f9b0-425a43a5 [none]
[debug] [2025-12-13T23:48:19.395Z] <<< [apiv2][status] GET https://firebasedataconnect.googleapis.com/v1/projects/photographer2025-edfd9/locations/us-east4/operations/operation-1765669699309-645de0337ce2c-69f9f9b0-425a43a5 200
[debug] [2025-12-13T23:48:19.395Z] <<< [apiv2][body] GET https://firebasedataconnect.googleapis.com/v1/projects/photographer2025-edfd9/locations/us-east4/operations/operation-1765669699309-645de0337ce2c-69f9f9b0-425a43a5 {"name":"projects/photographer2025-edfd9/locations/us-east4/operations/operation-1765669699309-645de0337ce2c-69f9f9b0-425a43a5","metadata":{"@type":"type.googleapis.com/google.firebase.dataconnect.v1.OperationMetadata","createTime":"2025-12-13T23:48:20.919440571Z","endTime":"2025-12-13T23:48:22.064201920Z","target":"projects/photographer2025-edfd9/locations/us-east4/services/mypixiestgallery","verb":"create","requestedCancellation":false,"apiVersion":"v1"},"done":true,"response":{"@type":"type.googleapis.com/google.firebase.dataconnect.v1.Service","name":"projects/photographer2025-edfd9/locations/us-east4/services/mypixiestgallery","createTime":"2025-12-13T23:48:20.915849761Z","updateTime":"2025-12-13T23:48:20.915849761Z","uid":"195b6322-037d-47a0-a833-c244fa8c5d28","reconciling":false,"etag":"HsVt2XYXPUqUqBySj6d3geWfybms8j54nPWv6-mQj9Y"}}
[debug] [2025-12-13T23:48:19.397Z] Checked if tokens are valid: true, expires at: 1765673104078
[debug] [2025-12-13T23:48:19.397Z] Checked if tokens are valid: true, expires at: 1765673104078
[debug] [2025-12-13T23:48:19.398Z] >>> [apiv2][query] POST https://cloudaicompanion.googleapis.com/v1beta/projects/photographer2025-edfd9/locations/global/instances/default:completeTask [none]
[debug] [2025-12-13T23:48:19.398Z] >>> [apiv2][body] POST https://cloudaicompanion.googleapis.com/v1beta/projects/photographer2025-edfd9/locations/global/instances/default:completeTask {"input":{"messages":[{"content":"App ya gallery ambapo watumiaji wanaweza kupakia, kuona, na kupenda picha.","author":"USER"}]},"experienceContext":{"experience":"/appeco/firebase/fdc-schema-generator"}}
[debug] [2025-12-13T23:48:25.609Z] <<< [apiv2][status] POST https://cloudaicompanion.googleapis.com/v1beta/projects/photographer2025-edfd9/locations/global/instances/default:completeTask 200
[debug] [2025-12-13T23:48:25.609Z] <<< [apiv2][body] POST https://cloudaicompanion.googleapis.com/v1beta/projects/photographer2025-edfd9/locations/global/instances/default:completeTask {"output":{"messages":[{"content":"```graphql\ntype User @table {\n  username: String!\n  email: String!\n  createdAt: Timestamp!\n  profilePictureUrl: String\n}\n\ntype Photo @table {\n  user: User!\n  imageUrl: String!\n  caption: String!\n  createdAt: Timestamp!\n  tags: [String]\n}\n\ntype Like @table(key: [\"user\", \"photo\"]) {\n  user: User!\n  photo: Photo!\n  createdAt: Timestamp!\n}\n```\n"}]},"displayContext":{"additionalContext":{"@type":"type.googleapis.com/google.cloud.cloudaicompanion.v1main.FirebaseChatDisplayContext","firebaseFdcDisplayContext":{"schemaSyntaxError":""}}}}
[debug] [2025-12-13T23:48:25.611Z] Checked if tokens are valid: true, expires at: 1765673104078
[debug] [2025-12-13T23:48:25.611Z] Checked if tokens are valid: true, expires at: 1765673104078
[debug] [2025-12-13T23:48:25.611Z] >>> [apiv2][query] PATCH https://firebasedataconnect.googleapis.com/v1/projects/photographer2025-edfd9/locations/us-east4/services/mypixiestgallery/schemas/main allowMissing=true&validateOnly=false
[debug] [2025-12-13T23:48:25.611Z] >>> [apiv2][body] PATCH https://firebasedataconnect.googleapis.com/v1/projects/photographer2025-edfd9/locations/us-east4/services/mypixiestgallery/schemas/main {"name":"projects/photographer2025-edfd9/locations/us-east4/services/mypixiestgallery/schemas/main","datasources":[{"postgresql":{}}],"source":{"files":[{"path":"schema.gql","content":"type User @table {\n  username: String!\n  email: String!\n  createdAt: Timestamp!\n  profilePictureUrl: String\n}\n\ntype Photo @table {\n  user: User!\n  imageUrl: String!\n  caption: String!\n  createdAt: Timestamp!\n  tags: [String]\n}\n\ntype Like @table(key: [\"user\", \"photo\"]) {\n  user: User!\n  photo: Photo!\n  createdAt: Timestamp!\n}"}]}}
[debug] [2025-12-13T23:48:27.000Z] <<< [apiv2][status] PATCH https://firebasedataconnect.googleapis.com/v1/projects/photographer2025-edfd9/locations/us-east4/services/mypixiestgallery/schemas/main 200
[debug] [2025-12-13T23:48:27.000Z] <<< [apiv2][body] PATCH https://firebasedataconnect.googleapis.com/v1/projects/photographer2025-edfd9/locations/us-east4/services/mypixiestgallery/schemas/main {"name":"projects/photographer2025-edfd9/locations/us-east4/operations/operation-1765669710731-645de03e61a73-7ca2835a-d7d44b09","metadata":{"@type":"type.googleapis.com/google.firebase.dataconnect.v1.OperationMetadata","createTime":"2025-12-13T23:48:30.787173070Z","target":"projects/photographer2025-edfd9/locations/us-east4/services/mypixiestgallery/schemas/main","verb":"update","requestedCancellation":false,"apiVersion":"v1"},"done":false}
[debug] [2025-12-13T23:48:27.000Z] Checked if tokens are valid: true, expires at: 1765673104078
[debug] [2025-12-13T23:48:27.000Z] Checked if tokens are valid: true, expires at: 1765673104078
[debug] [2025-12-13T23:48:27.000Z] >>> [apiv2][query] GET https://firebasedataconnect.googleapis.com/v1/projects/photographer2025-edfd9/locations/us-east4/operations/operation-1765669710731-645de03e61a73-7ca2835a-d7d44b09 [none]
[debug] [2025-12-13T23:48:27.229Z] <<< [apiv2][status] GET https://firebasedataconnect.googleapis.com/v1/projects/photographer2025-edfd9/locations/us-east4/operations/operation-1765669710731-645de03e61a73-7ca2835a-d7d44b09 200
[debug] [2025-12-13T23:48:27.229Z] <<< [apiv2][body] GET https://firebasedataconnect.googleapis.com/v1/projects/photographer2025-edfd9/locations/us-east4/operations/operation-1765669710731-645de03e61a73-7ca2835a-d7d44b09 {"name":"projects/photographer2025-edfd9/locations/us-east4/operations/operation-1765669710731-645de03e61a73-7ca2835a-d7d44b09","metadata":{"@type":"type.googleapis.com/google.firebase.dataconnect.v1.OperationMetadata","createTime":"2025-12-13T23:48:30.787173070Z","target":"projects/photographer2025-edfd9/locations/us-east4/services/mypixiestgallery/schemas/main","verb":"update","requestedCancellation":false,"apiVersion":"v1"},"done":false}
[debug] [2025-12-13T23:48:27.741Z] [LRO Poller] Retrying task index 0
[debug] [2025-12-13T23:48:27.741Z] Checked if tokens are valid: true, expires at: 1765673104078
[debug] [2025-12-13T23:48:27.741Z] Checked if tokens are valid: true, expires at: 1765673104078
[debug] [2025-12-13T23:48:27.741Z] >>> [apiv2][query] GET https://firebasedataconnect.googleapis.com/v1/projects/photographer2025-edfd9/locations/us-east4/operations/operation-1765669710731-645de03e61a73-7ca2835a-d7d44b09 [none]
[debug] [2025-12-13T23:48:27.969Z] <<< [apiv2][status] GET https://firebasedataconnect.googleapis.com/v1/projects/photographer2025-edfd9/locations/us-east4/operations/operation-1765669710731-645de03e61a73-7ca2835a-d7d44b09 200
[debug] [2025-12-13T23:48:27.970Z] <<< [apiv2][body] GET https://firebasedataconnect.googleapis.com/v1/projects/photographer2025-edfd9/locations/us-east4/operations/operation-1765669710731-645de03e61a73-7ca2835a-d7d44b09 {"name":"projects/photographer2025-edfd9/locations/us-east4/operations/operation-1765669710731-645de03e61a73-7ca2835a-d7d44b09","metadata":{"@type":"type.googleapis.com/google.firebase.dataconnect.v1.OperationMetadata","createTime":"2025-12-13T23:48:30.787173070Z","endTime":"2025-12-13T23:48:31.001424557Z","target":"projects/photographer2025-edfd9/locations/us-east4/services/mypixiestgallery/schemas/main","verb":"update","requestedCancellation":false,"apiVersion":"v1"},"done":true}
[debug] [2025-12-13T23:48:27.970Z] Checked if tokens are valid: true, expires at: 1765673104078
[debug] [2025-12-13T23:48:27.970Z] Checked if tokens are valid: true, expires at: 1765673104078
[debug] [2025-12-13T23:48:27.970Z] Checked if tokens are valid: true, expires at: 1765673104078
[debug] [2025-12-13T23:48:27.971Z] Checked if tokens are valid: true, expires at: 1765673104078
[debug] [2025-12-13T23:48:27.971Z] >>> [apiv2][query] POST https://cloudaicompanion.googleapis.com/v1beta/projects/photographer2025-edfd9/locations/global/instances/default:completeTask [none]
[debug] [2025-12-13T23:48:27.971Z] >>> [apiv2][body] POST https://cloudaicompanion.googleapis.com/v1beta/projects/photographer2025-edfd9/locations/global/instances/default:completeTask {"input":{"messages":[{"content":"Create 4 operations for an app using the instance schema with proper authentication.","author":"USER"}]},"experienceContext":{"experience":"/appeco/firebase/fdc-query-generator"},"clientContext":{"additionalContext":{"@type":"type.googleapis.com/google.cloud.cloudaicompanion.v1main.FirebaseChatRequestContext","fdcInfo":{"fdcServiceName":"projects/photographer2025-edfd9/locations/us-east4/services/mypixiestgallery","requiresQuery":true}}}}
[debug] [2025-12-13T23:48:27.971Z] >>> [apiv2][query] POST https://cloudaicompanion.googleapis.com/v1beta/projects/photographer2025-edfd9/locations/global/instances/default:completeTask [none]
[debug] [2025-12-13T23:48:27.971Z] >>> [apiv2][body] POST https://cloudaicompanion.googleapis.com/v1beta/projects/photographer2025-edfd9/locations/global/instances/default:completeTask {"input":{"messages":[{"content":"Create a mutation to populate the database with some seed data.","author":"USER"}]},"experienceContext":{"experience":"/appeco/firebase/fdc-query-generator"},"clientContext":{"additionalContext":{"@type":"type.googleapis.com/google.cloud.cloudaicompanion.v1main.FirebaseChatRequestContext","fdcInfo":{"fdcServiceName":"projects/photographer2025-edfd9/locations/us-east4/services/mypixiestgallery","requiresQuery":true}}}}
[debug] [2025-12-13T23:48:31.528Z] <<< [apiv2][status] POST https://cloudaicompanion.googleapis.com/v1beta/projects/photographer2025-edfd9/locations/global/instances/default:completeTask 200
[debug] [2025-12-13T23:48:31.528Z] <<< [apiv2][body] POST https://cloudaicompanion.googleapis.com/v1beta/projects/photographer2025-edfd9/locations/global/instances/default:completeTask {"output":{"messages":[{"content":"```graphql\nmutation CreateUser($email: String!, $username: String!) @auth(level: USER) {\n  user_insert(data: {\n    email: $email,\n    username: $username,\n    createdAt_expr: \"request.time\"\n  })\n}\n\nquery GetPhotosByUser($userId: UUID!) @auth(level: USER) {\n  photos(where: {userId: {eq: $userId}}) {\n    id\n    imageUrl\n    caption\n    createdAt\n    tags\n  }\n}\n\nmutation LikePhoto($photoId: UUID!) @auth(level: USER) {\n  like_insert(data: {\n    photoId: $photoId,\n    userId_expr: \"auth.uid\",\n    createdAt_expr: \"request.time\"\n  })\n}\n\nquery ListAllPhotos @auth(level: PUBLIC, insecureReason: \"This operation is safe to expose to the public\") {\n  photos {\n    id\n    imageUrl\n    caption\n    createdAt\n    tags\n    user {\n      id\n      username\n    }\n  }\n}\n```","author":"model"}]},"outputDataContext":{"additionalContext":{"@type":"type.googleapis.com/google.cloud.cloudaicompanion.v1main.ChatOutputDataContext","relatedContent":{}}},"attributionContext":{"citationMetadata":{}}}
[debug] [2025-12-13T23:48:32.655Z] <<< [apiv2][status] POST https://cloudaicompanion.googleapis.com/v1beta/projects/photographer2025-edfd9/locations/global/instances/default:completeTask 200
[debug] [2025-12-13T23:48:32.655Z] <<< [apiv2][body] POST https://cloudaicompanion.googleapis.com/v1beta/projects/photographer2025-edfd9/locations/global/instances/default:completeTask {"output":{"messages":[{"content":"```graphql\nmutation SeedDatabase @auth(level: PUBLIC, insecureReason: \"This operation is intended for initial data setup and does not require authentication\") {\n  user_insertMany(data: [\n    {\n      id: \"a1b2c3d4-e5f6-7890-1234-567890abcdef\",\n      createdAt: \"2024-04-03T00:00:00Z\",\n      email: \"user1@example.com\",\n      username: \"user1\"\n    },\n    {\n      id: \"b2c3d4e5-f6a7-8901-2345-67890abcdef0\",\n      createdAt: \"2024-04-03T00:00:00Z\",\n      email: \"user2@example.com\",\n      username: \"user2\"\n    }\n  ])\n  photo_insertMany(data: [\n    {\n      id: \"c3d4e5f6-a7b8-9012-3456-7890abcdef01\",\n      userId: \"a1b2c3d4-e5f6-7890-1234-567890abcdef\",\n      caption: \"Sample photo 1\",\n      createdAt: \"2024-04-03T00:00:00Z\",\n      imageUrl: \"http://example.com/image1.jpg\"\n    },\n    {\n      id: \"d4e5f6a7-b8c9-0123-4567-890abcdef012\",\n      userId: \"b2c3d4e5-f6a7-8901-2345-67890abcdef0\",\n      caption: \"Sample photo 2\",\n      createdAt: \"2024-04-03T00:00:00Z\",\n      imageUrl: \"http://example.com/image2.jpg\"\n    }\n  ])\n  like_insertMany(data: [\n    {\n      userId: \"a1b2c3d4-e5f6-7890-1234-567890abcdef\",\n      photoId: \"c3d4e5f6-a7b8-9012-3456-7890abcdef01\",\n      createdAt: \"2024-04-03T00:00:00Z\"\n    },\n    {\n      userId: \"b2c3d4e5-f6a7-8901-2345-67890abcdef0\",\n      photoId: \"d4e5f6a7-b8c9-0123-4567-890abcdef012\",\n      createdAt: \"2024-04-03T00:00:00Z\"\n    }\n  ])\n}\n```","author":"model"}]},"outputDataContext":{"additionalContext":{"@type":"type.googleapis.com/google.cloud.cloudaicompanion.v1main.ChatOutputDataContext","relatedContent":{}}},"attributionContext":{"citationMetadata":{}}}
[info] +  Wrote dataconnect\dataconnect.yaml 
[info] +  Wrote dataconnect\seed_data.gql 
[info] +  Wrote dataconnect\schema\schema.gql 
[info] +  Wrote dataconnect\example\connector.yaml 
[info] +  Wrote dataconnect\example\queries.gql 
[info] +  Wrote dataconnect\example\connector.yaml 
[info] i  dataconnect: Installing the generated SDKs ... 
[info] i  dataconnect: downloading dataconnect-emulator-3.0.0.exe... {"metadata":{"emulator":{"name":"dataconnect"},"message":"downloading dataconnect-emulator-3.0.0.exe..."}}
[debug] [2025-12-13T23:48:32.699Z] >>> [apiv2][query] GET https://storage.googleapis.com/firemat-preview-drop/emulator/dataconnect-emulator-windows-amd64-v3.0.0 
[debug] [2025-12-13T23:48:33.215Z] <<< [apiv2][status] GET https://storage.googleapis.com/firemat-preview-drop/emulator/dataconnect-emulator-windows-amd64-v3.0.0 200
[debug] [2025-12-13T23:48:33.216Z] <<< [apiv2][body] GET https://storage.googleapis.com/firemat-preview-drop/emulator/dataconnect-emulator-windows-amd64-v3.0.0 [stream]
[debug] [2025-12-13T23:48:44.235Z] defaultcredentials: writing to file C:\Users\Ahkhan Khan\AppData\Roaming\firebase\twahanyanza_gmail_com_application_default_credentials.json
[info] +  dataconnect: Installed generated SDKs for . (web) 
[info] 
=== Hosting Setup
[debug] [2025-12-13T23:48:46.674Z] Checked if tokens are valid: true, expires at: 1765673104078
[debug] [2025-12-13T23:48:46.674Z] Checked if tokens are valid: true, expires at: 1765673104078
[debug] [2025-12-13T23:48:46.674Z] >>> [apiv2][query] GET https://firebase.googleapis.com/v1beta1/projects/photographer2025-edfd9 [none]
[debug] [2025-12-13T23:48:47.228Z] <<< [apiv2][status] GET https://firebase.googleapis.com/v1beta1/projects/photographer2025-edfd9 200
[debug] [2025-12-13T23:48:47.228Z] <<< [apiv2][body] GET https://firebase.googleapis.com/v1beta1/projects/photographer2025-edfd9 {"projectId":"photographer2025-edfd9","projectNumber":"616743128934","displayName":"photographer2025","name":"projects/photographer2025-edfd9","resources":{"hostingSite":"photographer2025-edfd9"},"state":"ACTIVE","etag":"1_03d4605c-d96c-4917-80fc-6bf3311d5015"}
[info] 
[info] Your public directory is the folder (relative to your project directory) that
[info] will contain Hosting assets to be uploaded with firebase deploy. If you
[info] have a build process for your assets, use your build's output directory.
[info] 
[info] 
[info] i  Didn't detect a .git folder. Assuming E:\APP ZANGU\My Pixiest Gallery is the project root. 
[info] i  Authorizing with GitHub to upload your service account to a GitHub repository's secrets store. 
[info] 
[info] Visit this URL on this device to log in:
[info] https://github.com/login/oauth/authorize?client_id=89cf50f02ac6aaed3484&state=403120917&redirect_uri=http%3A%2F%2Flocalhost%3A9005&scope=read%3Auser%20repo%20public_repo
[info] 
[info] Waiting for authentication...
[debug] [2025-12-13T23:49:32.927Z] >>> [apiv2][query] POST https://github.com/login/oauth/access_token [none]
[debug] [2025-12-13T23:49:32.927Z] >>> [apiv2][body] POST https://github.com/login/oauth/access_token [stream]
[debug] [2025-12-13T23:49:33.580Z] <<< [apiv2][status] POST https://github.com/login/oauth/access_token 200
[debug] [2025-12-13T23:49:33.580Z] <<< [apiv2][body] POST https://github.com/login/oauth/access_token {"access_token":"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","token_type":"bearer","scope":"read:user,repo"}
[debug] [2025-12-13T23:49:33.583Z] >>> [apiv2][query] GET https://api.github.com/user [none]
[debug] [2025-12-13T23:49:34.245Z] <<< [apiv2][status] GET https://api.github.com/user 200
[debug] [2025-12-13T23:49:34.245Z] <<< [apiv2][body] GET https://api.github.com/user {"login":"FARAJAYANGUTV","id":117047340,"node_id":"U_kgDOBvoALA","avatar_url":"https://avatars.githubusercontent.com/u/117047340?v=4","gravatar_id":"","url":"https://api.github.com/users/FARAJAYANGUTV","html_url":"https://github.com/FARAJAYANGUTV","followers_url":"https://api.github.com/users/FARAJAYANGUTV/followers","following_url":"https://api.github.com/users/FARAJAYANGUTV/following{/other_user}","gists_url":"https://api.github.com/users/FARAJAYANGUTV/gists{/gist_id}","starred_url":"https://api.github.com/users/FARAJAYANGUTV/starred{/owner}{/repo}","subscriptions_url":"https://api.github.com/users/FARAJAYANGUTV/subscriptions","organizations_url":"https://api.github.com/users/FARAJAYANGUTV/orgs","repos_url":"https://api.github.com/users/FARAJAYANGUTV/repos","events_url":"https://api.github.com/users/FARAJAYANGUTV/events{/privacy}","received_events_url":"https://api.github.com/users/FARAJAYANGUTV/received_events","type":"User","user_view_type":"private","site_admin":false,"name":null,"company":null,"blog":"","location":null,"email":null,"hireable":null,"bio":null,"twitter_username":null,"notification_email":null,"public_repos":1,"public_gists":0,"followers":0,"following":0,"created_at":"2022-10-30T23:04:11Z","updated_at":"2025-12-12T01:38:52Z","private_gists":0,"total_private_repos":0,"owned_private_repos":0,"disk_usage":1,"collaborators":0,"two_factor_authentication":false,"plan":{"name":"free","space":976562499,"collaborators":0,"private_repos":10000}}
[info] 
[info] +  Success! Logged into GitHub as FARAJAYANGUTV 
[info] 
[debug] [2025-12-13T23:50:24.045Z] >>> [apiv2][query] GET https://api.github.com/repos/FARAJAYANGUTV/my-pixiest-gallery/actions/secrets/public-key type=owner
[debug] [2025-12-13T23:50:24.608Z] <<< [apiv2][status] GET https://api.github.com/repos/FARAJAYANGUTV/my-pixiest-gallery/actions/secrets/public-key 404
[debug] [2025-12-13T23:50:24.608Z] <<< [apiv2][body] GET https://api.github.com/repos/FARAJAYANGUTV/my-pixiest-gallery/actions/secrets/public-key {"message":"Not Found","documentation_url":"https://docs.github.com/rest/actions/secrets#get-a-repository-public-key","status":"404"}
[info] 
[info] 
[error] !  The provided authorization cannot be used with this repository. If this repository is in an organization, did you remember to grant access? 
[info] 
[info] i  Action required: Visit this URL to ensure access has been granted to the appropriate organization(s) for the Firebase CLI GitHub OAuth App: 
[info] https://github.com/settings/connections/applications/89cf50f02ac6aaed3484
[info] 
[debug] [2025-12-13T23:50:25.102Z] >>> [apiv2][query] GET https://api.github.com/repos/FARAJAYANGUTV/my-pixiest-gallery/actions/secrets/public-key type=owner
[debug] [2025-12-13T23:50:25.456Z] <<< [apiv2][status] GET https://api.github.com/repos/FARAJAYANGUTV/my-pixiest-gallery/actions/secrets/public-key 404
[debug] [2025-12-13T23:50:25.456Z] <<< [apiv2][body] GET https://api.github.com/repos/FARAJAYANGUTV/my-pixiest-gallery/actions/secrets/public-key {"message":"Not Found","documentation_url":"https://docs.github.com/rest/actions/secrets#get-a-repository-public-key","status":"404"}
[info] 
[info] 
[error] !  The provided authorization cannot be used with this repository. If this repository is in an organization, did you remember to grant access? 
[info] 
[info] i  Action required: Visit this URL to ensure access has been granted to the appropriate organization(s) for the Firebase CLI GitHub OAuth App: 
[info] https://github.com/settings/connections/applications/89cf50f02ac6aaed3484
[info] 
[debug] [2025-12-13T23:50:37.942Z] >>> [apiv2][query] GET https://api.github.com/repos/FARAJAYANGUTV/my-pixiest-gallery/actions/secrets/public-key type=owner
[debug] [2025-12-13T23:50:38.534Z] <<< [apiv2][status] GET https://api.github.com/repos/FARAJAYANGUTV/my-pixiest-gallery/actions/secrets/public-key 404
[debug] [2025-12-13T23:50:38.534Z] <<< [apiv2][body] GET https://api.github.com/repos/FARAJAYANGUTV/my-pixiest-gallery/actions/secrets/public-key {"message":"Not Found","documentation_url":"https://docs.github.com/rest/actions/secrets#get-a-repository-public-key","status":"404"}
[info] 
[info] 
[error] !  The provided authorization cannot be used with this repository. If this repository is in an organization, did you remember to grant access? 
[info] 
[info] i  Action required: Visit this URL to ensure access has been granted to the appropriate organization(s) for the Firebase CLI GitHub OAuth App: 
[info] https://github.com/settings/connections/applications/89cf50f02ac6aaed3484
[info] 
[debug] [2025-12-13T23:50:45.228Z] >>> [apiv2][query] GET https://api.github.com/repos/my-pixiest-gallery/actions/secrets/public-key type=owner
[debug] [2025-12-13T23:50:45.740Z] <<< [apiv2][status] GET https://api.github.com/repos/my-pixiest-gallery/actions/secrets/public-key 404
[debug] [2025-12-13T23:50:45.740Z] <<< [apiv2][body] GET https://api.github.com/repos/my-pixiest-gallery/actions/secrets/public-key {"message":"Not Found","documentation_url":"https://docs.github.com/rest","status":"404"}
[info] 
[info] 
[error] !  The provided authorization cannot be used with this repository. If this repository is in an organization, did you remember to grant access? 
[info] 
[info] i  Action required: Visit this URL to ensure access has been granted to the appropriate organization(s) for the Firebase CLI GitHub OAuth App: 
[info] https://github.com/settings/connections/applications/89cf50f02ac6aaed3484
[info] 
[debug] [2025-12-13T23:53:17.951Z] >>> [apiv2][query] GET https://api.github.com/repos/FARAJAYANGUTV/my-pixiest-gallery/actions/secrets/public-key type=owner
[debug] [2025-12-13T23:53:18.794Z] <<< [apiv2][status] GET https://api.github.com/repos/FARAJAYANGUTV/my-pixiest-gallery/actions/secrets/public-key 404
[debug] [2025-12-13T23:53:18.794Z] <<< [apiv2][body] GET https://api.github.com/repos/FARAJAYANGUTV/my-pixiest-gallery/actions/secrets/public-key {"message":"Not Found","documentation_url":"https://docs.github.com/rest/actions/secrets#get-a-repository-public-key","status":"404"}
[info] 
[info] 
[error] !  The provided authorization cannot be used with this repository. If this repository is in an organization, did you remember to grant access? 
[info] 
[info] i  Action required: Visit this URL to ensure access has been granted to the appropriate organization(s) for the Firebase CLI GitHub OAuth App: 
[info] https://github.com/settings/connections/applications/89cf50f02ac6aaed3484
[info] 
[debug] [2025-12-13T23:53:33.616Z] >>> [apiv2][query] GET https://api.github.com/repos/FARAJAYANGUTV/photographer2025/actions/secrets/public-key type=owner
[debug] [2025-12-13T23:53:34.338Z] <<< [apiv2][status] GET https://api.github.com/repos/FARAJAYANGUTV/photographer2025/actions/secrets/public-key 404
[debug] [2025-12-13T23:53:34.338Z] <<< [apiv2][body] GET https://api.github.com/repos/FARAJAYANGUTV/photographer2025/actions/secrets/public-key {"message":"Not Found","documentation_url":"https://docs.github.com/rest/actions/secrets#get-a-repository-public-key","status":"404"}
[info] 
[info] 
[error] !  The provided authorization cannot be used with this repository. If this repository is in an organization, did you remember to grant access? 
[info] 
[info] i  Action required: Visit this URL to ensure access has been granted to the appropriate organization(s) for the Firebase CLI GitHub OAuth App: 
[info] https://github.com/settings/connections/applications/89cf50f02ac6aaed3484
[info] 
